<?xml version="1.0" encoding="UTF-8"?>
<!-- Generated by org.testng.reporters.JUnitReportReporter -->
<testsuite hostname="GGKU4DELL1438" failures="0" tests="1" name="com.TestNG.Utilities.publicLibrary" time="7.047" errors="0" timestamp="2022-03-13T17:18:35 IST" skipped="0">
  <testcase classname="com.TestNG.Utilities.publicLibrary" name="loginApp" time="7.047"/>
  <system-out/>
</testsuite> <!-- com.TestNG.Utilities.publicLibrary -->
