<?xml version="1.0" encoding="UTF-8"?>
<!-- Generated by org.testng.reporters.JUnitReportReporter -->
<testsuite hostname="GGKU4DELL1438" failures="0" tests="1" name="com.TestNG.testCases.BaseClass" time="0.000" errors="0" timestamp="2022-03-05T21:19:18 IST" skipped="1">
  <testcase classname="com.TestNG.testCases.BaseClass" name="loginPage" time="0.000">
    <skipped/>
  </testcase> <!-- loginPage -->
  <system-out/>
</testsuite> <!-- com.TestNG.testCases.BaseClass -->
